Results generated by fwts: Version V18.06.02 (2018-06-21 08:56:44).

Some of this work - Copyright (c) 1999 - 2018, Intel Corp. All rights reserved.
Some of this work - Copyright (c) 2010 - 2018, Canonical.
Some of this work - Copyright (c) 2016 - 2018, IBM.
Some of this work - Copyright (c) 2017 - 2018, ARM Ltd.

This test run on 14/04/19 at 00:23:36 on host Linux localhost.localdomain
5.0.7-200.fc29.x86_64 #1 SMP Mon Apr 8 15:40:59 UTC 2019 x86_64.

Command: "fwts s3".
Running tests: s3.

s3: S3 suspend/resume test.
--------------------------------------------------------------------------------
Test 1 of 1: S3 suspend/resume test.
Defaulted to 1 test, use --s3-multiple=N to run more S3 cycles 
S3 cycle 1 of 1 
Detecting the power method.
Response to CanSuspend is yes 
User allowed to execute the CanSuspend action 
Using logind as the default power method.
Requesting Suspend action 
Skipping the minimum delay (0) and using a 3 seconds delay instead 
S3 duration = 30.
pm-action returned 0 after 30 seconds.
Suspend/Resume Timings:
  Could not determine time to suspend.
  Could not determine time to resume.
Completed S3 cycle(s) 
PASSED: Test 1, No kernel log errors detected.
PASSED: Test 1, No PM related suspend issues detected.
PASSED: Test 1, No device errors detected.
PASSED: Test 1, No kernel oopses detected.
PASSED: Test 1, No kernel WARN_ON warnings detected.
PASSED: Test 1, Found no errors doing 1 suspend/resume cycle(s).
PASSED: Test 1, All suspends took less than 15.00 seconds.
PASSED: Test 1, All resumes took less than 15.00 seconds.

================================================================================
8 passed, 0 failed, 0 warning, 0 aborted, 0 skipped, 0 info only.
================================================================================


8 passed, 0 failed, 0 warning, 0 aborted, 0 skipped, 0 info only.

Test Failure Summary
================================================================================

Critical failures: NONE

High failures: NONE

Medium failures: NONE

Low failures: NONE

Other failures: NONE

Test           |Pass |Fail |Abort|Warn |Skip |Info |
---------------+-----+-----+-----+-----+-----+-----+
s3             |    8|     |     |     |     |     |
---------------+-----+-----+-----+-----+-----+-----+
Total:         |    8|    0|    0|    0|    0|    0|
---------------+-----+-----+-----+-----+-----+-----+
